[2024-10-09 16:35:59Z INFO HostContext] No proxy settings were found based on environmental variables (http_proxy/https_proxy/HTTP_PROXY/HTTPS_PROXY)
[2024-10-09 16:35:59Z INFO HostContext] Well known directory 'Bin': 'C:\Users\croth3\Documents\workspaces-git\devops-1\helloworld\actions-runner\bin'
[2024-10-09 16:35:59Z INFO HostContext] Well known directory 'Root': 'C:\Users\croth3\Documents\workspaces-git\devops-1\helloworld\actions-runner'
[2024-10-09 16:35:59Z INFO HostContext] Well known config file 'Credentials': 'C:\Users\croth3\Documents\workspaces-git\devops-1\helloworld\actions-runner\.credentials'
[2024-10-09 16:35:59Z INFO HostContext] Well known directory 'Bin': 'C:\Users\croth3\Documents\workspaces-git\devops-1\helloworld\actions-runner\bin'
[2024-10-09 16:35:59Z INFO HostContext] Well known directory 'Root': 'C:\Users\croth3\Documents\workspaces-git\devops-1\helloworld\actions-runner'
[2024-10-09 16:35:59Z INFO HostContext] Well known config file 'Runner': 'C:\Users\croth3\Documents\workspaces-git\devops-1\helloworld\actions-runner\.runner'
[2024-10-09 16:35:59Z INFO Listener] Runner is built for Windows (X64) - win-x64.
[2024-10-09 16:35:59Z INFO Listener] RuntimeInformation: Microsoft Windows 10.0.19045.
[2024-10-09 16:35:59Z INFO Listener] Version: 2.320.0
[2024-10-09 16:35:59Z INFO Listener] Commit: 78f21670b4a58aff19b5189207f54eb2bee324d1
[2024-10-09 16:35:59Z INFO Listener] Culture: en-US
[2024-10-09 16:35:59Z INFO Listener] UI Culture: en-US
[2024-10-09 16:35:59Z INFO HostContext] Well known directory 'Bin': 'C:\Users\croth3\Documents\workspaces-git\devops-1\helloworld\actions-runner\bin'
[2024-10-09 16:35:59Z INFO HostContext] Well known directory 'Root': 'C:\Users\croth3\Documents\workspaces-git\devops-1\helloworld\actions-runner'
[2024-10-09 16:35:59Z INFO Listener] Validating directory permissions for: 'C:\Users\croth3\Documents\workspaces-git\devops-1\helloworld\actions-runner'
[2024-10-09 16:35:59Z INFO CommandLineParser] Parse
[2024-10-09 16:35:59Z INFO CommandLineParser] Parsing 1 args
[2024-10-09 16:35:59Z INFO CommandLineParser] parsing argument
[2024-10-09 16:35:59Z INFO CommandLineParser] HasArgs: False
[2024-10-09 16:35:59Z INFO CommandLineParser] Adding Command: run
[2024-10-09 16:35:59Z INFO Listener] Arguments parsed
[2024-10-09 16:35:59Z INFO Runner] ExecuteCommand
[2024-10-09 16:35:59Z INFO ConfigurationStore] currentAssemblyLocation: C:\Users\croth3\Documents\workspaces-git\devops-1\helloworld\actions-runner\bin\Runner.Listener.dll
[2024-10-09 16:35:59Z INFO HostContext] Well known directory 'Bin': 'C:\Users\croth3\Documents\workspaces-git\devops-1\helloworld\actions-runner\bin'
[2024-10-09 16:35:59Z INFO ConfigurationStore] binPath: C:\Users\croth3\Documents\workspaces-git\devops-1\helloworld\actions-runner\bin
[2024-10-09 16:35:59Z INFO HostContext] Well known directory 'Bin': 'C:\Users\croth3\Documents\workspaces-git\devops-1\helloworld\actions-runner\bin'
[2024-10-09 16:35:59Z INFO HostContext] Well known directory 'Root': 'C:\Users\croth3\Documents\workspaces-git\devops-1\helloworld\actions-runner'
[2024-10-09 16:35:59Z INFO ConfigurationStore] RootFolder: C:\Users\croth3\Documents\workspaces-git\devops-1\helloworld\actions-runner
[2024-10-09 16:35:59Z INFO HostContext] Well known directory 'Bin': 'C:\Users\croth3\Documents\workspaces-git\devops-1\helloworld\actions-runner\bin'
[2024-10-09 16:35:59Z INFO HostContext] Well known directory 'Root': 'C:\Users\croth3\Documents\workspaces-git\devops-1\helloworld\actions-runner'
[2024-10-09 16:35:59Z INFO HostContext] Well known config file 'Runner': 'C:\Users\croth3\Documents\workspaces-git\devops-1\helloworld\actions-runner\.runner'
[2024-10-09 16:35:59Z INFO ConfigurationStore] ConfigFilePath: C:\Users\croth3\Documents\workspaces-git\devops-1\helloworld\actions-runner\.runner
[2024-10-09 16:35:59Z INFO HostContext] Well known directory 'Bin': 'C:\Users\croth3\Documents\workspaces-git\devops-1\helloworld\actions-runner\bin'
[2024-10-09 16:35:59Z INFO HostContext] Well known directory 'Root': 'C:\Users\croth3\Documents\workspaces-git\devops-1\helloworld\actions-runner'
[2024-10-09 16:35:59Z INFO HostContext] Well known config file 'Credentials': 'C:\Users\croth3\Documents\workspaces-git\devops-1\helloworld\actions-runner\.credentials'
[2024-10-09 16:35:59Z INFO ConfigurationStore] CredFilePath: C:\Users\croth3\Documents\workspaces-git\devops-1\helloworld\actions-runner\.credentials
[2024-10-09 16:35:59Z INFO HostContext] Well known directory 'Bin': 'C:\Users\croth3\Documents\workspaces-git\devops-1\helloworld\actions-runner\bin'
[2024-10-09 16:35:59Z INFO HostContext] Well known directory 'Root': 'C:\Users\croth3\Documents\workspaces-git\devops-1\helloworld\actions-runner'
[2024-10-09 16:35:59Z INFO HostContext] Well known config file 'MigratedCredentials': 'C:\Users\croth3\Documents\workspaces-git\devops-1\helloworld\actions-runner\.credentials_migrated'
[2024-10-09 16:35:59Z INFO ConfigurationStore] MigratedCredFilePath: C:\Users\croth3\Documents\workspaces-git\devops-1\helloworld\actions-runner\.credentials_migrated
[2024-10-09 16:35:59Z INFO HostContext] Well known directory 'Bin': 'C:\Users\croth3\Documents\workspaces-git\devops-1\helloworld\actions-runner\bin'
[2024-10-09 16:35:59Z INFO HostContext] Well known directory 'Root': 'C:\Users\croth3\Documents\workspaces-git\devops-1\helloworld\actions-runner'
[2024-10-09 16:35:59Z INFO HostContext] Well known config file 'Service': 'C:\Users\croth3\Documents\workspaces-git\devops-1\helloworld\actions-runner\.service'
[2024-10-09 16:35:59Z INFO ConfigurationStore] ServiceConfigFilePath: C:\Users\croth3\Documents\workspaces-git\devops-1\helloworld\actions-runner\.service
[2024-10-09 16:35:59Z INFO CommandSettings] Flag 'help': 'False'
[2024-10-09 16:35:59Z INFO CommandSettings] Flag 'version': 'False'
[2024-10-09 16:35:59Z INFO CommandSettings] Flag 'commit': 'False'
[2024-10-09 16:35:59Z INFO CommandSettings] Flag 'check': 'False'
[2024-10-09 16:35:59Z INFO CommandSettings] Command 'configure': 'False'
[2024-10-09 16:35:59Z INFO CommandSettings] Command 'remove': 'False'
[2024-10-09 16:35:59Z INFO CommandSettings] Command 'warmup': 'False'
[2024-10-09 16:35:59Z INFO ConfigurationManager] LoadSettings
[2024-10-09 16:35:59Z INFO ConfigurationStore] IsConfigured()
[2024-10-09 16:35:59Z INFO ConfigurationStore] IsConfigured: True
[2024-10-09 16:35:59Z INFO ConfigurationManager] Is configured: True
[2024-10-09 16:35:59Z INFO ConfigurationStore] Read setting file: 310 chars
[2024-10-09 16:35:59Z INFO ConfigurationManager] Settings Loaded
[2024-10-09 16:35:59Z INFO ConfigurationStore] IsServiceConfigured()
[2024-10-09 16:35:59Z INFO ConfigurationStore] IsServiceConfigured: False
[2024-10-09 16:35:59Z INFO CommandSettings] Command 'run': 'True'
[2024-10-09 16:35:59Z INFO ConfigurationStore] IsConfigured()
[2024-10-09 16:35:59Z INFO ConfigurationStore] IsConfigured: True
[2024-10-09 16:35:59Z INFO ConfigurationManager] Is configured: True
[2024-10-09 16:35:59Z INFO Runner] Could not parse the argument value '' for StartupType. Defaulting to Manual
[2024-10-09 16:35:59Z INFO Runner] Set runner startup type - Manual
[2024-10-09 16:35:59Z INFO CommandSettings] Flag 'once': 'False'
[2024-10-09 16:35:59Z INFO CommandSettings] Flag 'once': 'False'
[2024-10-09 16:36:00Z INFO Runner] RunAsync
[2024-10-09 16:36:00Z INFO ConfigurationManager] LoadSettings
[2024-10-09 16:36:00Z INFO ConfigurationStore] IsConfigured()
[2024-10-09 16:36:00Z INFO ConfigurationStore] IsConfigured: True
[2024-10-09 16:36:00Z INFO ConfigurationManager] Is configured: True
[2024-10-09 16:36:00Z INFO ConfigurationManager] Settings Loaded
[2024-10-09 16:36:00Z INFO MessageListener] {
  "AgentId": 2,
  "AgentName": "LU122293",
  "PoolId": 1,
  "PoolName": "Default",
  "ServerUrl": "https://pipelinesghubeus25.actions.githubusercontent.com/n1t8CPl5rYoFJb9Y0EGKINdtk5PY7RU32C7kcdoJ4dElr0sQXU/",
  "GitHubUrl": "https://github.com/croth3/self-hosted-runner-1",
  "WorkFolder": "_work"
}
[2024-10-09 16:36:00Z INFO MessageListener] Loading Credentials
[2024-10-09 16:36:00Z INFO ConfigurationStore] HasCredentials()
[2024-10-09 16:36:00Z INFO ConfigurationStore] stored True
[2024-10-09 16:36:00Z INFO CredentialManager] GetCredentialProvider
[2024-10-09 16:36:00Z INFO CredentialManager] Creating type OAuth
[2024-10-09 16:36:00Z INFO CredentialManager] Creating credential type: OAuth
[2024-10-09 16:36:00Z INFO HostContext] Well known directory 'Bin': 'C:\Users\croth3\Documents\workspaces-git\devops-1\helloworld\actions-runner\bin'
[2024-10-09 16:36:00Z INFO HostContext] Well known directory 'Root': 'C:\Users\croth3\Documents\workspaces-git\devops-1\helloworld\actions-runner'
[2024-10-09 16:36:00Z INFO HostContext] Well known config file 'RSACredentials': 'C:\Users\croth3\Documents\workspaces-git\devops-1\helloworld\actions-runner\.credentials_rsaparams'
[2024-10-09 16:36:00Z INFO RSAEncryptedFileKeyManager] Loading RSA key parameters from file C:\Users\croth3\Documents\workspaces-git\devops-1\helloworld\actions-runner\.credentials_rsaparams
[2024-10-09 16:36:00Z INFO MessageListener] Attempt to create session.
[2024-10-09 16:36:00Z INFO MessageListener] Connecting to the Runner Server...
[2024-10-09 16:36:00Z INFO RunnerServer] EstablishVssConnection
[2024-10-09 16:36:00Z INFO RunnerServer] Establish connection with 100 seconds timeout.
[2024-10-09 16:36:00Z INFO GitHubActionsService] Starting operation Location.GetConnectionData
[2024-10-09 16:36:00Z INFO RunnerServer] EstablishVssConnection
[2024-10-09 16:36:00Z INFO RunnerServer] Establish connection with 60 seconds timeout.
[2024-10-09 16:36:00Z INFO GitHubActionsService] Starting operation Location.GetConnectionData
[2024-10-09 16:36:00Z INFO RunnerServer] EstablishVssConnection
[2024-10-09 16:36:00Z INFO RunnerServer] Establish connection with 60 seconds timeout.
[2024-10-09 16:36:00Z INFO GitHubActionsService] Starting operation Location.GetConnectionData
[2024-10-09 16:36:00Z INFO GitHubActionsService] Finished operation Location.GetConnectionData
[2024-10-09 16:36:00Z INFO GitHubActionsService] Finished operation Location.GetConnectionData
[2024-10-09 16:36:00Z INFO GitHubActionsService] Finished operation Location.GetConnectionData
[2024-10-09 16:36:00Z INFO MessageListener] VssConnection created
[2024-10-09 16:36:00Z INFO Terminal] WRITE LINE: 
[2024-10-09 16:36:00Z INFO Terminal] WRITE LINE: 
[2024-10-09 16:36:00Z INFO RSAEncryptedFileKeyManager] Loading RSA key parameters from file C:\Users\croth3\Documents\workspaces-git\devops-1\helloworld\actions-runner\.credentials_rsaparams
[2024-10-09 16:36:00Z INFO RSAEncryptedFileKeyManager] Loading RSA key parameters from file C:\Users\croth3\Documents\workspaces-git\devops-1\helloworld\actions-runner\.credentials_rsaparams
[2024-10-09 16:36:01Z INFO GitHubActionsService] AAD Correlation ID for this token request: Unknown
[2024-10-09 16:36:01Z INFO MessageListener] Session created.
[2024-10-09 16:36:01Z INFO Terminal] WRITE LINE: Current runner version: '2.320.0'
[2024-10-09 16:36:01Z INFO Terminal] WRITE LINE: 2024-10-09 16:36:01Z: Listening for Jobs
[2024-10-09 16:36:01Z INFO JobDispatcher] Set runner/worker IPC timeout to 30 seconds.
[2024-10-09 16:36:01Z INFO MessageListener] BrokerMigration message received. Polling Broker for messages...
[2024-10-09 16:36:01Z INFO RSAEncryptedFileKeyManager] Loading RSA key parameters from file C:\Users\croth3\Documents\workspaces-git\devops-1\helloworld\actions-runner\.credentials_rsaparams
[2024-10-09 16:36:01Z INFO GitHubActionsService] AAD Correlation ID for this token request: Unknown
[2024-10-09 16:36:51Z INFO MessageListener] BrokerMigration message received. Polling Broker for messages...
[2024-10-09 16:37:41Z INFO MessageListener] BrokerMigration message received. Polling Broker for messages...
[2024-10-09 16:38:31Z INFO MessageListener] BrokerMigration message received. Polling Broker for messages...
[2024-10-09 16:39:21Z INFO MessageListener] BrokerMigration message received. Polling Broker for messages...
