[2024-10-09 16:34:41Z INFO HostContext] No proxy settings were found based on environmental variables (http_proxy/https_proxy/HTTP_PROXY/HTTPS_PROXY)
[2024-10-09 16:34:41Z INFO HostContext] Well known directory 'Bin': 'C:\Users\croth3\Documents\workspaces-git\devops-1\helloworld\actions-runner\bin'
[2024-10-09 16:34:41Z INFO HostContext] Well known directory 'Root': 'C:\Users\croth3\Documents\workspaces-git\devops-1\helloworld\actions-runner'
[2024-10-09 16:34:41Z INFO HostContext] Well known config file 'Credentials': 'C:\Users\croth3\Documents\workspaces-git\devops-1\helloworld\actions-runner\.credentials'
[2024-10-09 16:34:42Z INFO HostContext] Well known directory 'Bin': 'C:\Users\croth3\Documents\workspaces-git\devops-1\helloworld\actions-runner\bin'
[2024-10-09 16:34:42Z INFO HostContext] Well known directory 'Root': 'C:\Users\croth3\Documents\workspaces-git\devops-1\helloworld\actions-runner'
[2024-10-09 16:34:42Z INFO HostContext] Well known config file 'Runner': 'C:\Users\croth3\Documents\workspaces-git\devops-1\helloworld\actions-runner\.runner'
[2024-10-09 16:34:42Z INFO Listener] Runner is built for Windows (X64) - win-x64.
[2024-10-09 16:34:42Z INFO Listener] RuntimeInformation: Microsoft Windows 10.0.19045.
[2024-10-09 16:34:42Z INFO Listener] Version: 2.316.1
[2024-10-09 16:34:42Z INFO Listener] Commit: 9ac138d10eac15c71493f004f1b1bc919ead40de
[2024-10-09 16:34:42Z INFO Listener] Culture: en-US
[2024-10-09 16:34:42Z INFO Listener] UI Culture: en-US
[2024-10-09 16:34:42Z INFO HostContext] Well known directory 'Bin': 'C:\Users\croth3\Documents\workspaces-git\devops-1\helloworld\actions-runner\bin'
[2024-10-09 16:34:42Z INFO HostContext] Well known directory 'Root': 'C:\Users\croth3\Documents\workspaces-git\devops-1\helloworld\actions-runner'
[2024-10-09 16:34:42Z INFO Listener] Validating directory permissions for: 'C:\Users\croth3\Documents\workspaces-git\devops-1\helloworld\actions-runner'
[2024-10-09 16:34:42Z INFO CommandLineParser] Parse
[2024-10-09 16:34:42Z INFO CommandLineParser] Parsing 1 args
[2024-10-09 16:34:42Z INFO CommandLineParser] parsing argument
[2024-10-09 16:34:42Z INFO CommandLineParser] HasArgs: False
[2024-10-09 16:34:42Z INFO CommandLineParser] Adding Command: run
[2024-10-09 16:34:42Z INFO Listener] Arguments parsed
[2024-10-09 16:34:42Z INFO Runner] ExecuteCommand
[2024-10-09 16:34:42Z INFO ConfigurationStore] currentAssemblyLocation: C:\Users\croth3\Documents\workspaces-git\devops-1\helloworld\actions-runner\bin\Runner.Listener.dll
[2024-10-09 16:34:42Z INFO HostContext] Well known directory 'Bin': 'C:\Users\croth3\Documents\workspaces-git\devops-1\helloworld\actions-runner\bin'
[2024-10-09 16:34:42Z INFO ConfigurationStore] binPath: C:\Users\croth3\Documents\workspaces-git\devops-1\helloworld\actions-runner\bin
[2024-10-09 16:34:42Z INFO HostContext] Well known directory 'Bin': 'C:\Users\croth3\Documents\workspaces-git\devops-1\helloworld\actions-runner\bin'
[2024-10-09 16:34:42Z INFO HostContext] Well known directory 'Root': 'C:\Users\croth3\Documents\workspaces-git\devops-1\helloworld\actions-runner'
[2024-10-09 16:34:42Z INFO ConfigurationStore] RootFolder: C:\Users\croth3\Documents\workspaces-git\devops-1\helloworld\actions-runner
[2024-10-09 16:34:42Z INFO HostContext] Well known directory 'Bin': 'C:\Users\croth3\Documents\workspaces-git\devops-1\helloworld\actions-runner\bin'
[2024-10-09 16:34:42Z INFO HostContext] Well known directory 'Root': 'C:\Users\croth3\Documents\workspaces-git\devops-1\helloworld\actions-runner'
[2024-10-09 16:34:42Z INFO HostContext] Well known config file 'Runner': 'C:\Users\croth3\Documents\workspaces-git\devops-1\helloworld\actions-runner\.runner'
[2024-10-09 16:34:42Z INFO ConfigurationStore] ConfigFilePath: C:\Users\croth3\Documents\workspaces-git\devops-1\helloworld\actions-runner\.runner
[2024-10-09 16:34:42Z INFO HostContext] Well known directory 'Bin': 'C:\Users\croth3\Documents\workspaces-git\devops-1\helloworld\actions-runner\bin'
[2024-10-09 16:34:42Z INFO HostContext] Well known directory 'Root': 'C:\Users\croth3\Documents\workspaces-git\devops-1\helloworld\actions-runner'
[2024-10-09 16:34:42Z INFO HostContext] Well known config file 'Credentials': 'C:\Users\croth3\Documents\workspaces-git\devops-1\helloworld\actions-runner\.credentials'
[2024-10-09 16:34:42Z INFO ConfigurationStore] CredFilePath: C:\Users\croth3\Documents\workspaces-git\devops-1\helloworld\actions-runner\.credentials
[2024-10-09 16:34:42Z INFO HostContext] Well known directory 'Bin': 'C:\Users\croth3\Documents\workspaces-git\devops-1\helloworld\actions-runner\bin'
[2024-10-09 16:34:42Z INFO HostContext] Well known directory 'Root': 'C:\Users\croth3\Documents\workspaces-git\devops-1\helloworld\actions-runner'
[2024-10-09 16:34:42Z INFO HostContext] Well known config file 'MigratedCredentials': 'C:\Users\croth3\Documents\workspaces-git\devops-1\helloworld\actions-runner\.credentials_migrated'
[2024-10-09 16:34:42Z INFO ConfigurationStore] MigratedCredFilePath: C:\Users\croth3\Documents\workspaces-git\devops-1\helloworld\actions-runner\.credentials_migrated
[2024-10-09 16:34:42Z INFO HostContext] Well known directory 'Bin': 'C:\Users\croth3\Documents\workspaces-git\devops-1\helloworld\actions-runner\bin'
[2024-10-09 16:34:42Z INFO HostContext] Well known directory 'Root': 'C:\Users\croth3\Documents\workspaces-git\devops-1\helloworld\actions-runner'
[2024-10-09 16:34:42Z INFO HostContext] Well known config file 'Service': 'C:\Users\croth3\Documents\workspaces-git\devops-1\helloworld\actions-runner\.service'
[2024-10-09 16:34:42Z INFO ConfigurationStore] ServiceConfigFilePath: C:\Users\croth3\Documents\workspaces-git\devops-1\helloworld\actions-runner\.service
[2024-10-09 16:34:42Z INFO CommandSettings] Flag 'help': 'False'
[2024-10-09 16:34:42Z INFO CommandSettings] Flag 'version': 'False'
[2024-10-09 16:34:42Z INFO CommandSettings] Flag 'commit': 'False'
[2024-10-09 16:34:42Z INFO CommandSettings] Flag 'check': 'False'
[2024-10-09 16:34:42Z INFO CommandSettings] Command 'configure': 'False'
[2024-10-09 16:34:42Z INFO CommandSettings] Command 'remove': 'False'
[2024-10-09 16:34:42Z INFO CommandSettings] Command 'warmup': 'False'
[2024-10-09 16:34:42Z INFO ConfigurationManager] LoadSettings
[2024-10-09 16:34:42Z INFO ConfigurationStore] IsConfigured()
[2024-10-09 16:34:42Z INFO ConfigurationStore] IsConfigured: True
[2024-10-09 16:34:42Z INFO ConfigurationManager] Is configured: True
[2024-10-09 16:34:42Z INFO ConfigurationStore] Read setting file: 310 chars
[2024-10-09 16:34:42Z INFO ConfigurationManager] Settings Loaded
[2024-10-09 16:34:42Z INFO ConfigurationStore] IsServiceConfigured()
[2024-10-09 16:34:42Z INFO ConfigurationStore] IsServiceConfigured: False
[2024-10-09 16:34:42Z INFO CommandSettings] Command 'run': 'True'
[2024-10-09 16:34:42Z INFO ConfigurationStore] IsConfigured()
[2024-10-09 16:34:42Z INFO ConfigurationStore] IsConfigured: True
[2024-10-09 16:34:42Z INFO ConfigurationManager] Is configured: True
[2024-10-09 16:34:42Z INFO Runner] Could not parse the argument value '' for StartupType. Defaulting to Manual
[2024-10-09 16:34:42Z INFO Runner] Set runner startup type - Manual
[2024-10-09 16:34:42Z INFO CommandSettings] Flag 'once': 'False'
[2024-10-09 16:34:42Z INFO CommandSettings] Flag 'once': 'False'
[2024-10-09 16:34:42Z INFO Runner] RunAsync
[2024-10-09 16:34:42Z INFO ConfigurationManager] LoadSettings
[2024-10-09 16:34:42Z INFO ConfigurationStore] IsConfigured()
[2024-10-09 16:34:42Z INFO ConfigurationStore] IsConfigured: True
[2024-10-09 16:34:42Z INFO ConfigurationManager] Is configured: True
[2024-10-09 16:34:42Z INFO ConfigurationManager] Settings Loaded
[2024-10-09 16:34:42Z INFO MessageListener] {
  "AgentId": 2,
  "AgentName": "LU122293",
  "PoolId": 1,
  "PoolName": "Default",
  "ServerUrl": "https://pipelinesghubeus25.actions.githubusercontent.com/n1t8CPl5rYoFJb9Y0EGKINdtk5PY7RU32C7kcdoJ4dElr0sQXU/",
  "GitHubUrl": "https://github.com/croth3/self-hosted-runner-1",
  "WorkFolder": "_work"
}
[2024-10-09 16:34:42Z INFO MessageListener] Loading Credentials
[2024-10-09 16:34:42Z INFO ConfigurationStore] HasCredentials()
[2024-10-09 16:34:42Z INFO ConfigurationStore] stored True
[2024-10-09 16:34:42Z INFO CredentialManager] GetCredentialProvider
[2024-10-09 16:34:42Z INFO CredentialManager] Creating type OAuth
[2024-10-09 16:34:42Z INFO CredentialManager] Creating credential type: OAuth
[2024-10-09 16:34:42Z INFO HostContext] Well known directory 'Bin': 'C:\Users\croth3\Documents\workspaces-git\devops-1\helloworld\actions-runner\bin'
[2024-10-09 16:34:42Z INFO HostContext] Well known directory 'Root': 'C:\Users\croth3\Documents\workspaces-git\devops-1\helloworld\actions-runner'
[2024-10-09 16:34:42Z INFO HostContext] Well known config file 'RSACredentials': 'C:\Users\croth3\Documents\workspaces-git\devops-1\helloworld\actions-runner\.credentials_rsaparams'
[2024-10-09 16:34:42Z INFO RSAEncryptedFileKeyManager] Loading RSA key parameters from file C:\Users\croth3\Documents\workspaces-git\devops-1\helloworld\actions-runner\.credentials_rsaparams
[2024-10-09 16:34:42Z INFO MessageListener] Attempt to create session.
[2024-10-09 16:34:42Z INFO MessageListener] Connecting to the Runner Server...
[2024-10-09 16:34:42Z INFO RunnerServer] EstablishVssConnection
[2024-10-09 16:34:42Z INFO RunnerServer] Establish connection with 100 seconds timeout.
[2024-10-09 16:34:42Z INFO GitHubActionsService] Starting operation Location.GetConnectionData
[2024-10-09 16:34:42Z INFO RunnerServer] EstablishVssConnection
[2024-10-09 16:34:42Z INFO RunnerServer] Establish connection with 60 seconds timeout.
[2024-10-09 16:34:42Z INFO GitHubActionsService] Starting operation Location.GetConnectionData
[2024-10-09 16:34:42Z INFO RunnerServer] EstablishVssConnection
[2024-10-09 16:34:42Z INFO RunnerServer] Establish connection with 60 seconds timeout.
[2024-10-09 16:34:42Z INFO GitHubActionsService] Starting operation Location.GetConnectionData
[2024-10-09 16:34:42Z INFO GitHubActionsService] Finished operation Location.GetConnectionData
[2024-10-09 16:34:42Z INFO GitHubActionsService] Finished operation Location.GetConnectionData
[2024-10-09 16:34:42Z INFO GitHubActionsService] Finished operation Location.GetConnectionData
[2024-10-09 16:34:42Z INFO MessageListener] VssConnection created
[2024-10-09 16:34:42Z INFO Terminal] WRITE LINE: 
[2024-10-09 16:34:42Z INFO Terminal] WRITE LINE: 
[2024-10-09 16:34:42Z INFO RSAEncryptedFileKeyManager] Loading RSA key parameters from file C:\Users\croth3\Documents\workspaces-git\devops-1\helloworld\actions-runner\.credentials_rsaparams
[2024-10-09 16:34:42Z INFO RSAEncryptedFileKeyManager] Loading RSA key parameters from file C:\Users\croth3\Documents\workspaces-git\devops-1\helloworld\actions-runner\.credentials_rsaparams
[2024-10-09 16:34:43Z INFO GitHubActionsService] AAD Correlation ID for this token request: Unknown
[2024-10-09 16:34:43Z INFO MessageListener] Session created.
[2024-10-09 16:34:43Z INFO Terminal] WRITE LINE: Current runner version: '2.316.1'
[2024-10-09 16:34:43Z INFO Terminal] WRITE LINE: 2024-10-09 16:34:43Z: Listening for Jobs
[2024-10-09 16:34:43Z INFO JobDispatcher] Set runner/worker IPC timeout to 30 seconds.
[2024-10-09 16:34:43Z INFO MessageListener] BrokerMigration message received. Polling Broker for messages...
[2024-10-09 16:34:43Z INFO RSAEncryptedFileKeyManager] Loading RSA key parameters from file C:\Users\croth3\Documents\workspaces-git\devops-1\helloworld\actions-runner\.credentials_rsaparams
[2024-10-09 16:34:43Z INFO GitHubActionsService] AAD Correlation ID for this token request: Unknown
[2024-10-09 16:35:33Z INFO MessageListener] BrokerMigration message received. Polling Broker for messages...
[2024-10-09 16:35:33Z INFO MessageListener] Message '0' received from session 'fa6a3c5d-7ba5-461b-af45-2d20a569f25e'.
[2024-10-09 16:35:33Z INFO Runner] Refresh message received, kick-off selfupdate background process.
[2024-10-09 16:35:34Z INFO SelfUpdater] Version '2.320.0' of 'agent' package available in server.
[2024-10-09 16:35:34Z INFO SelfUpdater] Current running runner version is 2.316.1
[2024-10-09 16:35:34Z INFO SelfUpdater] An update is available.
[2024-10-09 16:35:34Z INFO Terminal] WRITE LINE: Runner update in progress, do not shutdown runner.
[2024-10-09 16:35:34Z INFO SelfUpdater] RunnerPlatform: win-x64
[2024-10-09 16:35:34Z INFO Terminal] WRITE LINE: Downloading 2.320.0 runner
[2024-10-09 16:35:34Z INFO HostContext] Well known directory 'Bin': 'C:\Users\croth3\Documents\workspaces-git\devops-1\helloworld\actions-runner\bin'
[2024-10-09 16:35:34Z INFO HostContext] Well known directory 'Root': 'C:\Users\croth3\Documents\workspaces-git\devops-1\helloworld\actions-runner'
[2024-10-09 16:35:34Z INFO HostContext] Well known directory 'Work': 'C:\Users\croth3\Documents\workspaces-git\devops-1\helloworld\actions-runner\_work'
[2024-10-09 16:35:34Z INFO SelfUpdater] Attempt 1: save latest runner into C:\Users\croth3\Documents\workspaces-git\devops-1\helloworld\actions-runner\_work\_update\runner1.zip.
[2024-10-09 16:35:34Z INFO SelfUpdater] Download runner: begin download
[2024-10-09 16:35:34Z INFO SelfUpdater] Downloading https://github.com/actions/runner/releases/download/v2.320.0/actions-runner-win-x64-2.320.0.zip
[2024-10-09 16:35:35Z INFO MessageListener] BrokerMigration message received. Polling Broker for messages...
[2024-10-09 16:35:35Z INFO SelfUpdater] Download runner: finished download
[2024-10-09 16:35:36Z INFO SelfUpdater] Validated Runner Hash matches C:\Users\croth3\Documents\workspaces-git\devops-1\helloworld\actions-runner\_work\_update\runner1.zip : 9eb133e8cb25e8319f1cbef3578c9ec5428a7af7c6ec0202ba6f9a9fddf663c0
[2024-10-09 16:35:47Z INFO SelfUpdater] Finished getting latest runner package at: C:\Users\croth3\Documents\workspaces-git\devops-1\helloworld\actions-runner\_work\_update.
[2024-10-09 16:35:47Z INFO HostContext] Well known directory 'Bin': 'C:\Users\croth3\Documents\workspaces-git\devops-1\helloworld\actions-runner\bin'
[2024-10-09 16:35:47Z INFO HostContext] Well known directory 'Root': 'C:\Users\croth3\Documents\workspaces-git\devops-1\helloworld\actions-runner'
[2024-10-09 16:35:47Z INFO SelfUpdater] Copy C:\Users\croth3\Documents\workspaces-git\devops-1\helloworld\actions-runner\_work\_update\bin to C:\Users\croth3\Documents\workspaces-git\devops-1\helloworld\actions-runner\bin.2.320.0.
[2024-10-09 16:35:53Z INFO HostContext] Well known directory 'Bin': 'C:\Users\croth3\Documents\workspaces-git\devops-1\helloworld\actions-runner\bin'
[2024-10-09 16:35:53Z INFO HostContext] Well known directory 'Root': 'C:\Users\croth3\Documents\workspaces-git\devops-1\helloworld\actions-runner'
[2024-10-09 16:35:53Z INFO SelfUpdater] Copy C:\Users\croth3\Documents\workspaces-git\devops-1\helloworld\actions-runner\_work\_update\externals to C:\Users\croth3\Documents\workspaces-git\devops-1\helloworld\actions-runner\externals.2.320.0.
[2024-10-09 16:35:55Z INFO SelfUpdater] Copy any remaining .sh/.cmd files into runner root.
[2024-10-09 16:35:55Z INFO HostContext] Well known directory 'Bin': 'C:\Users\croth3\Documents\workspaces-git\devops-1\helloworld\actions-runner\bin'
[2024-10-09 16:35:55Z INFO HostContext] Well known directory 'Root': 'C:\Users\croth3\Documents\workspaces-git\devops-1\helloworld\actions-runner'
[2024-10-09 16:35:55Z INFO SelfUpdater] Copy C:\Users\croth3\Documents\workspaces-git\devops-1\helloworld\actions-runner\_work\_update\config.cmd to C:\Users\croth3\Documents\workspaces-git\devops-1\helloworld\actions-runner\config.cmd
[2024-10-09 16:35:55Z INFO HostContext] Well known directory 'Bin': 'C:\Users\croth3\Documents\workspaces-git\devops-1\helloworld\actions-runner\bin'
[2024-10-09 16:35:55Z INFO HostContext] Well known directory 'Root': 'C:\Users\croth3\Documents\workspaces-git\devops-1\helloworld\actions-runner'
[2024-10-09 16:35:55Z INFO SelfUpdater] Copy C:\Users\croth3\Documents\workspaces-git\devops-1\helloworld\actions-runner\_work\_update\run-helper.cmd.template to C:\Users\croth3\Documents\workspaces-git\devops-1\helloworld\actions-runner\run-helper.cmd.template
[2024-10-09 16:35:55Z INFO HostContext] Well known directory 'Bin': 'C:\Users\croth3\Documents\workspaces-git\devops-1\helloworld\actions-runner\bin'
[2024-10-09 16:35:55Z INFO HostContext] Well known directory 'Root': 'C:\Users\croth3\Documents\workspaces-git\devops-1\helloworld\actions-runner'
[2024-10-09 16:35:55Z INFO SelfUpdater] Copy C:\Users\croth3\Documents\workspaces-git\devops-1\helloworld\actions-runner\_work\_update\run-helper.sh.template to C:\Users\croth3\Documents\workspaces-git\devops-1\helloworld\actions-runner\run-helper.sh.template
[2024-10-09 16:35:55Z INFO HostContext] Well known directory 'Bin': 'C:\Users\croth3\Documents\workspaces-git\devops-1\helloworld\actions-runner\bin'
[2024-10-09 16:35:55Z INFO HostContext] Well known directory 'Root': 'C:\Users\croth3\Documents\workspaces-git\devops-1\helloworld\actions-runner'
[2024-10-09 16:35:55Z INFO SelfUpdater] Copy C:\Users\croth3\Documents\workspaces-git\devops-1\helloworld\actions-runner\_work\_update\run.cmd to C:\Users\croth3\Documents\workspaces-git\devops-1\helloworld\actions-runner\run.cmd
[2024-10-09 16:35:55Z INFO SelfUpdater] Download latest runner and unzip into runner root.
[2024-10-09 16:35:55Z INFO Terminal] WRITE LINE: Waiting for current job finish running.
[2024-10-09 16:35:55Z INFO SelfUpdater] DownloadUrl: https://github.com/actions/runner/releases/download/v2.320.0/actions-runner-win-x64-2.320.0.zip
[2024-10-09 16:35:55Z INFO SelfUpdater] PackageDownloadTime: 1523ms
[2024-10-09 16:35:55Z INFO SelfUpdater] Attempts: 1
[2024-10-09 16:35:55Z INFO SelfUpdater] PackageSize: 116MB
[2024-10-09 16:35:55Z INFO SelfUpdater] ValidateHashTime: 1286ms
[2024-10-09 16:35:55Z INFO SelfUpdater] PackageExtractTime: 10265ms
[2024-10-09 16:35:55Z INFO SelfUpdater] CopyRunnerToRootTime: 7860ms
[2024-10-09 16:35:55Z INFO SelfUpdater] All running job has exited.
[2024-10-09 16:35:55Z INFO HostContext] Well known directory 'Bin': 'C:\Users\croth3\Documents\workspaces-git\devops-1\helloworld\actions-runner\bin'
[2024-10-09 16:35:55Z INFO HostContext] Well known directory 'Root': 'C:\Users\croth3\Documents\workspaces-git\devops-1\helloworld\actions-runner'
[2024-10-09 16:35:55Z INFO HostContext] Well known directory 'Bin': 'C:\Users\croth3\Documents\workspaces-git\devops-1\helloworld\actions-runner\bin'
[2024-10-09 16:35:55Z INFO HostContext] Well known directory 'Root': 'C:\Users\croth3\Documents\workspaces-git\devops-1\helloworld\actions-runner'
[2024-10-09 16:35:55Z INFO HostContext] Well known directory 'Bin': 'C:\Users\croth3\Documents\workspaces-git\devops-1\helloworld\actions-runner\bin'
[2024-10-09 16:35:55Z INFO HostContext] Well known directory 'Root': 'C:\Users\croth3\Documents\workspaces-git\devops-1\helloworld\actions-runner'
[2024-10-09 16:35:55Z INFO HostContext] Well known directory 'Bin': 'C:\Users\croth3\Documents\workspaces-git\devops-1\helloworld\actions-runner\bin'
[2024-10-09 16:35:55Z INFO HostContext] Well known directory 'Root': 'C:\Users\croth3\Documents\workspaces-git\devops-1\helloworld\actions-runner'
[2024-10-09 16:35:55Z INFO HostContext] Well known directory 'Bin': 'C:\Users\croth3\Documents\workspaces-git\devops-1\helloworld\actions-runner\bin'
[2024-10-09 16:35:55Z INFO HostContext] Well known directory 'Root': 'C:\Users\croth3\Documents\workspaces-git\devops-1\helloworld\actions-runner'
[2024-10-09 16:35:55Z INFO HostContext] Well known directory 'Bin': 'C:\Users\croth3\Documents\workspaces-git\devops-1\helloworld\actions-runner\bin'
[2024-10-09 16:35:55Z INFO HostContext] Well known directory 'Root': 'C:\Users\croth3\Documents\workspaces-git\devops-1\helloworld\actions-runner'
[2024-10-09 16:35:55Z INFO HostContext] Well known directory 'Bin': 'C:\Users\croth3\Documents\workspaces-git\devops-1\helloworld\actions-runner\bin'
[2024-10-09 16:35:55Z INFO HostContext] Well known directory 'Root': 'C:\Users\croth3\Documents\workspaces-git\devops-1\helloworld\actions-runner'
[2024-10-09 16:35:55Z INFO HostContext] Well known directory 'Bin': 'C:\Users\croth3\Documents\workspaces-git\devops-1\helloworld\actions-runner\bin'
[2024-10-09 16:35:55Z INFO HostContext] Well known directory 'Root': 'C:\Users\croth3\Documents\workspaces-git\devops-1\helloworld\actions-runner'
[2024-10-09 16:35:55Z INFO HostContext] Well known directory 'Bin': 'C:\Users\croth3\Documents\workspaces-git\devops-1\helloworld\actions-runner\bin'
[2024-10-09 16:35:55Z INFO HostContext] Well known directory 'Root': 'C:\Users\croth3\Documents\workspaces-git\devops-1\helloworld\actions-runner'
[2024-10-09 16:35:55Z INFO HostContext] Well known directory 'Bin': 'C:\Users\croth3\Documents\workspaces-git\devops-1\helloworld\actions-runner\bin'
[2024-10-09 16:35:55Z INFO HostContext] Well known directory 'Root': 'C:\Users\croth3\Documents\workspaces-git\devops-1\helloworld\actions-runner'
[2024-10-09 16:35:55Z INFO HostContext] Well known directory 'Bin': 'C:\Users\croth3\Documents\workspaces-git\devops-1\helloworld\actions-runner\bin'
[2024-10-09 16:35:55Z INFO HostContext] Well known directory 'Root': 'C:\Users\croth3\Documents\workspaces-git\devops-1\helloworld\actions-runner'
[2024-10-09 16:35:55Z INFO SelfUpdater] Delete old version runner backup.
[2024-10-09 16:35:55Z INFO Terminal] WRITE LINE: Generate and execute update script.
[2024-10-09 16:35:55Z INFO SelfUpdater] DeleteRunnerBackupTime: 6ms
[2024-10-09 16:35:55Z INFO HostContext] Well known directory 'Bin': 'C:\Users\croth3\Documents\workspaces-git\devops-1\helloworld\actions-runner\bin'
[2024-10-09 16:35:55Z INFO HostContext] Well known directory 'Root': 'C:\Users\croth3\Documents\workspaces-git\devops-1\helloworld\actions-runner'
[2024-10-09 16:35:55Z INFO HostContext] Well known directory 'Diag': 'C:\Users\croth3\Documents\workspaces-git\devops-1\helloworld\actions-runner\_diag'
[2024-10-09 16:35:55Z INFO HostContext] Well known directory 'Bin': 'C:\Users\croth3\Documents\workspaces-git\devops-1\helloworld\actions-runner\bin'
[2024-10-09 16:35:55Z INFO HostContext] Well known directory 'Root': 'C:\Users\croth3\Documents\workspaces-git\devops-1\helloworld\actions-runner'
[2024-10-09 16:35:55Z INFO HostContext] Well known directory 'Bin': 'C:\Users\croth3\Documents\workspaces-git\devops-1\helloworld\actions-runner\bin'
[2024-10-09 16:35:55Z INFO HostContext] Well known directory 'Root': 'C:\Users\croth3\Documents\workspaces-git\devops-1\helloworld\actions-runner'
[2024-10-09 16:35:55Z INFO HostContext] Well known directory 'Work': 'C:\Users\croth3\Documents\workspaces-git\devops-1\helloworld\actions-runner\_work'
[2024-10-09 16:35:55Z INFO SelfUpdater] Generate update script into: C:\Users\croth3\Documents\workspaces-git\devops-1\helloworld\actions-runner\_work\_update.cmd
[2024-10-09 16:35:55Z INFO SelfUpdater] Which2: 'cmd.exe'
[2024-10-09 16:35:55Z INFO SelfUpdater] Location: 'C:\WINDOWS\system32\cmd.exe'
[2024-10-09 16:35:55Z INFO SelfUpdater] Update script start running
[2024-10-09 16:35:55Z INFO Terminal] WRITE LINE: Runner will exit shortly for update, should be back online within 10 seconds.
[2024-10-09 16:35:55Z INFO SelfUpdater] TotalUpdateTime: 21733ms
[2024-10-09 16:35:55Z INFO Terminal] WRITE LINE: Runner update process finished.
[2024-10-09 16:35:55Z INFO Runner] Auto update task finished at backend, an runner update is ready to apply exit the current runner instance.
[2024-10-09 16:35:55Z INFO Runner] Stop message queue looping.
[2024-10-09 16:35:55Z WARN GitHubActionsService] GET request to https://broker.actions.githubusercontent.com/message?sessionId=fa6a3c5d-7ba5-461b-af45-2d20a569f25e&status=Online&runnerVersion=2.316.1&os=Windows&architecture=X64&disableUpdate=false has been cancelled.
[2024-10-09 16:35:55Z ERR  BrokerServer] Catch exception during request
[2024-10-09 16:35:56Z ERR  BrokerServer] System.Threading.Tasks.TaskCanceledException: The operation was canceled.
 ---> System.IO.IOException: Unable to read data from the transport connection: The I/O operation has been aborted because of either a thread exit or an application request..
 ---> System.Net.Sockets.SocketException (995): The I/O operation has been aborted because of either a thread exit or an application request.
   --- End of inner exception stack trace ---
   at System.Net.Sockets.Socket.AwaitableSocketAsyncEventArgs.ThrowException(SocketError error, CancellationToken cancellationToken)
   at System.Net.Sockets.Socket.AwaitableSocketAsyncEventArgs.System.Threading.Tasks.Sources.IValueTaskSource<System.Int32>.GetResult(Int16 token)
   at System.Net.Security.SslStream.EnsureFullTlsFrameAsync[TIOAdapter](TIOAdapter adapter)
   at System.Net.Security.SslStream.ReadAsyncInternal[TIOAdapter](TIOAdapter adapter, Memory`1 buffer)
   at System.Net.Http.HttpConnection.SendAsyncCore(HttpRequestMessage request, Boolean async, CancellationToken cancellationToken)
   --- End of inner exception stack trace ---
   at System.Net.Http.HttpClient.HandleFailure(Exception e, Boolean telemetryStarted, HttpResponseMessage response, CancellationTokenSource cts, CancellationToken cancellationToken, CancellationTokenSource pendingRequestsCts)
   at System.Net.Http.HttpClient.<SendAsync>g__Core|83_0(HttpRequestMessage request, HttpCompletionOption completionOption, CancellationTokenSource cts, Boolean disposeCts, CancellationTokenSource pendingRequestsCts, CancellationToken originalCancellationToken)
   at Sdk.WebApi.WebApi.RawHttpClientBase.SendAsync(HttpRequestMessage message, HttpCompletionOption completionOption, Object userState, CancellationToken cancellationToken)
   at Sdk.WebApi.WebApi.RawHttpClientBase.SendAsync[T](HttpRequestMessage message, Object userState, CancellationToken cancellationToken)
   at Sdk.WebApi.WebApi.RawHttpClientBase.SendAsync[T](HttpMethod method, IEnumerable`1 additionalHeaders, Uri requestUri, HttpContent content, IEnumerable`1 queryParameters, Object userState, CancellationToken cancellationToken)
   at GitHub.Actions.RunService.WebApi.BrokerHttpClient.GetRunnerMessageAsync(Nullable`1 sessionId, String runnerVersion, Nullable`1 status, String os, String architecture, Nullable`1 disableUpdate, CancellationToken cancellationToken)
   at GitHub.Runner.Common.BrokerServer.<>c__DisplayClass7_0.<<GetRunnerMessageAsync>b__0>d.MoveNext()
--- End of stack trace from previous location ---
   at GitHub.Runner.Common.RunnerService.RetryRequest[T](Func`1 func, CancellationToken cancellationToken, Int32 maxRetryAttemptsCount, Func`2 shouldRetry)
[2024-10-09 16:35:56Z ERR  BrokerServer] #####################################################
[2024-10-09 16:35:56Z ERR  BrokerServer] System.IO.IOException: Unable to read data from the transport connection: The I/O operation has been aborted because of either a thread exit or an application request..
 ---> System.Net.Sockets.SocketException (995): The I/O operation has been aborted because of either a thread exit or an application request.
   --- End of inner exception stack trace ---
   at System.Net.Sockets.Socket.AwaitableSocketAsyncEventArgs.ThrowException(SocketError error, CancellationToken cancellationToken)
   at System.Net.Sockets.Socket.AwaitableSocketAsyncEventArgs.System.Threading.Tasks.Sources.IValueTaskSource<System.Int32>.GetResult(Int16 token)
   at System.Net.Security.SslStream.EnsureFullTlsFrameAsync[TIOAdapter](TIOAdapter adapter)
   at System.Net.Security.SslStream.ReadAsyncInternal[TIOAdapter](TIOAdapter adapter, Memory`1 buffer)
   at System.Net.Http.HttpConnection.SendAsyncCore(HttpRequestMessage request, Boolean async, CancellationToken cancellationToken)
[2024-10-09 16:35:56Z ERR  BrokerServer] #####################################################
[2024-10-09 16:35:56Z ERR  BrokerServer] System.Net.Sockets.SocketException (995): The I/O operation has been aborted because of either a thread exit or an application request.
[2024-10-09 16:35:56Z WARN BrokerServer] Back off 10.207 seconds before next retry. 4 attempt left.
[2024-10-09 16:35:56Z INFO MessageListener] Get next message has been cancelled.
[2024-10-09 16:35:56Z INFO Runner] Ignore any exception after cancel message loop. System.Threading.Tasks.TaskCanceledException: A task was canceled.
   at GitHub.Runner.Common.RunnerService.RetryRequest[T](Func`1 func, CancellationToken cancellationToken, Int32 maxRetryAttemptsCount, Func`2 shouldRetry)
   at GitHub.Runner.Listener.MessageListener.GetNextMessageAsync(CancellationToken token)
   at GitHub.Runner.Listener.Runner.RunAsync(RunnerSettings settings, Boolean runOnce)
[2024-10-09 16:35:56Z INFO JobDispatcher] Shutting down JobDispatcher. Make sure all WorkerDispatcher has finished.
[2024-10-09 16:35:56Z INFO Runner] Deleting Runner Session...
[2024-10-09 16:35:56Z INFO Listener] Runner execution has finished with return code 3
